2021-02-01T12:49:34.335Z [logs] error: uncaughtException: missing ) after argument list
D:\Bigg Boss\Backend\Its-My-Choize-Backend\config\db_connection.js:37
    mongoose.connection.once('open', () => logger.info("Successfully connected to the database"););
                                                                                               ^

SyntaxError: missing ) after argument list
    at Module._compile (internal/modules/cjs/loader.js:872:18)
    at Object.Module._extensions..js (internal/modules/cjs/loader.js:947:10)
    at Module.load (internal/modules/cjs/loader.js:790:32)
    at Function.Module._load (internal/modules/cjs/loader.js:703:12)
    at Module.require (internal/modules/cjs/loader.js:830:19)
    at require (internal/modules/cjs/helpers.js:68:18)
    at Object.<anonymous> (D:\Bigg Boss\Backend\Its-My-Choize-Backend\controllers\authentication.js:8:5)
    at Module._compile (internal/modules/cjs/loader.js:936:30)
    at Object.Module._extensions..js (internal/modules/cjs/loader.js:947:10)
    at Module.load (internal/modules/cjs/loader.js:790:32)
    at Function.Module._load (internal/modules/cjs/loader.js:703:12)
    at Module.require (internal/modules/cjs/loader.js:830:19)
    at require (internal/modules/cjs/helpers.js:68:18)
    at Object.<anonymous> (D:\Bigg Boss\Backend\Its-My-Choize-Backend\routes\route.js:1:34)
    at Module._compile (internal/modules/cjs/loader.js:936:30)
    at Object.Module._extensions..js (internal/modules/cjs/loader.js:947:10)
2021-02-01T12:49:48.363Z [logs] error: uncaughtException: missing ) after argument list
D:\Bigg Boss\Backend\Its-My-Choize-Backend\config\db_connection.js:38
    mongoose.connection.once('open', () => logger.info("Successfully connected to the database"););
                                                                                               ^

SyntaxError: missing ) after argument list
    at Module._compile (internal/modules/cjs/loader.js:872:18)
    at Object.Module._extensions..js (internal/modules/cjs/loader.js:947:10)
    at Module.load (internal/modules/cjs/loader.js:790:32)
    at Function.Module._load (internal/modules/cjs/loader.js:703:12)
    at Module.require (internal/modules/cjs/loader.js:830:19)
    at require (internal/modules/cjs/helpers.js:68:18)
    at Object.<anonymous> (D:\Bigg Boss\Backend\Its-My-Choize-Backend\controllers\authentication.js:8:5)
    at Module._compile (internal/modules/cjs/loader.js:936:30)
    at Object.Module._extensions..js (internal/modules/cjs/loader.js:947:10)
    at Module.load (internal/modules/cjs/loader.js:790:32)
    at Function.Module._load (internal/modules/cjs/loader.js:703:12)
    at Module.require (internal/modules/cjs/loader.js:830:19)
    at require (internal/modules/cjs/helpers.js:68:18)
    at Object.<anonymous> (D:\Bigg Boss\Backend\Its-My-Choize-Backend\routes\route.js:1:34)
    at Module._compile (internal/modules/cjs/loader.js:936:30)
    at Object.Module._extensions..js (internal/modules/cjs/loader.js:947:10)
2021-02-01T12:50:03.922Z [logs] error: uncaughtException: Cannot find module './config/logger'
Require stack:
- D:\Bigg Boss\Backend\Its-My-Choize-Backend\config\db_connection.js
- D:\Bigg Boss\Backend\Its-My-Choize-Backend\controllers\authentication.js
- D:\Bigg Boss\Backend\Its-My-Choize-Backend\routes\route.js
- D:\Bigg Boss\Backend\Its-My-Choize-Backend\server.js
Error: Cannot find module './config/logger'
Require stack:
- D:\Bigg Boss\Backend\Its-My-Choize-Backend\config\db_connection.js
- D:\Bigg Boss\Backend\Its-My-Choize-Backend\controllers\authentication.js
- D:\Bigg Boss\Backend\Its-My-Choize-Backend\routes\route.js
- D:\Bigg Boss\Backend\Its-My-Choize-Backend\server.js
    at Function.Module._resolveFilename (internal/modules/cjs/loader.js:772:15)
    at Function.Module._load (internal/modules/cjs/loader.js:677:27)
    at Module.require (internal/modules/cjs/loader.js:830:19)
    at require (internal/modules/cjs/helpers.js:68:18)
    at Object.<anonymous> (D:\Bigg Boss\Backend\Its-My-Choize-Backend\config\db_connection.js:7:14)
    at Module._compile (internal/modules/cjs/loader.js:936:30)
    at Object.Module._extensions..js (internal/modules/cjs/loader.js:947:10)
    at Module.load (internal/modules/cjs/loader.js:790:32)
    at Function.Module._load (internal/modules/cjs/loader.js:703:12)
    at Module.require (internal/modules/cjs/loader.js:830:19)
    at require (internal/modules/cjs/helpers.js:68:18)
    at Object.<anonymous> (D:\Bigg Boss\Backend\Its-My-Choize-Backend\controllers\authentication.js:8:5)
    at Module._compile (internal/modules/cjs/loader.js:936:30)
    at Object.Module._extensions..js (internal/modules/cjs/loader.js:947:10)
    at Module.load (internal/modules/cjs/loader.js:790:32)
    at Function.Module._load (internal/modules/cjs/loader.js:703:12)
2021-02-01T12:50:19.285Z [logs] error: uncaughtException: Cannot find module './config/logger'
Require stack:
- D:\Bigg Boss\Backend\Its-My-Choize-Backend\config\db_connection.js
- D:\Bigg Boss\Backend\Its-My-Choize-Backend\controllers\authentication.js
- D:\Bigg Boss\Backend\Its-My-Choize-Backend\routes\route.js
- D:\Bigg Boss\Backend\Its-My-Choize-Backend\server.js
Error: Cannot find module './config/logger'
Require stack:
- D:\Bigg Boss\Backend\Its-My-Choize-Backend\config\db_connection.js
- D:\Bigg Boss\Backend\Its-My-Choize-Backend\controllers\authentication.js
- D:\Bigg Boss\Backend\Its-My-Choize-Backend\routes\route.js
- D:\Bigg Boss\Backend\Its-My-Choize-Backend\server.js
    at Function.Module._resolveFilename (internal/modules/cjs/loader.js:772:15)
    at Function.Module._load (internal/modules/cjs/loader.js:677:27)
    at Module.require (internal/modules/cjs/loader.js:830:19)
    at require (internal/modules/cjs/helpers.js:68:18)
    at Object.<anonymous> (D:\Bigg Boss\Backend\Its-My-Choize-Backend\config\db_connection.js:7:14)
    at Module._compile (internal/modules/cjs/loader.js:936:30)
    at Object.Module._extensions..js (internal/modules/cjs/loader.js:947:10)
    at Module.load (internal/modules/cjs/loader.js:790:32)
    at Function.Module._load (internal/modules/cjs/loader.js:703:12)
    at Module.require (internal/modules/cjs/loader.js:830:19)
    at require (internal/modules/cjs/helpers.js:68:18)
    at Object.<anonymous> (D:\Bigg Boss\Backend\Its-My-Choize-Backend\controllers\authentication.js:8:5)
    at Module._compile (internal/modules/cjs/loader.js:936:30)
    at Object.Module._extensions..js (internal/modules/cjs/loader.js:947:10)
    at Module.load (internal/modules/cjs/loader.js:790:32)
    at Function.Module._load (internal/modules/cjs/loader.js:703:12)
2021-02-02T09:37:35.224Z [logs] error: uncaughtException: modifiedCount is not defined
ReferenceError: modifiedCount is not defined
    at D:\Bigg Boss\Backend\Its-My-Choize-Backend\controllers\favorite.js:56:90
    at D:\Bigg Boss\Backend\Its-My-Choize-Backend\node_modules\mongoose\lib\model.js:4863:16
    at D:\Bigg Boss\Backend\Its-My-Choize-Backend\node_modules\mongoose\lib\model.js:4863:16
    at D:\Bigg Boss\Backend\Its-My-Choize-Backend\node_modules\mongoose\lib\helpers\promiseOrCallback.js:24:16
    at D:\Bigg Boss\Backend\Its-My-Choize-Backend\node_modules\mongoose\lib\model.js:4886:21
    at D:\Bigg Boss\Backend\Its-My-Choize-Backend\node_modules\mongoose\lib\query.js:4397:11
    at D:\Bigg Boss\Backend\Its-My-Choize-Backend\node_modules\kareem\index.js:136:16
    at processTicksAndRejections (internal/process/task_queues.js:75:11)
2021-02-02T12:13:26.246Z [logs] error: uncaughtException: contestantsData is not defined
ReferenceError: contestantsData is not defined
    at D:\Bigg Boss\Backend\Its-My-Choize-Backend\controllers\contestants.js:263:31
    at D:\Bigg Boss\Backend\Its-My-Choize-Backend\node_modules\mongoose\lib\model.js:4863:16
    at D:\Bigg Boss\Backend\Its-My-Choize-Backend\node_modules\mongoose\lib\model.js:4863:16
    at D:\Bigg Boss\Backend\Its-My-Choize-Backend\node_modules\mongoose\lib\helpers\promiseOrCallback.js:24:16
    at D:\Bigg Boss\Backend\Its-My-Choize-Backend\node_modules\mongoose\lib\model.js:4886:21
    at D:\Bigg Boss\Backend\Its-My-Choize-Backend\node_modules\mongoose\lib\query.js:4397:11
    at D:\Bigg Boss\Backend\Its-My-Choize-Backend\node_modules\kareem\index.js:136:16
    at processTicksAndRejections (internal/process/task_queues.js:75:11)
2021-02-02T12:14:29.372Z [logs] error: uncaughtException: Cannot read property 'translation' of null
TypeError: Cannot read property 'translation' of null
    at D:\Bigg Boss\Backend\Its-My-Choize-Backend\controllers\contestants.js:264:35
    at D:\Bigg Boss\Backend\Its-My-Choize-Backend\node_modules\mongoose\lib\model.js:4863:16
    at D:\Bigg Boss\Backend\Its-My-Choize-Backend\node_modules\mongoose\lib\model.js:4863:16
    at D:\Bigg Boss\Backend\Its-My-Choize-Backend\node_modules\mongoose\lib\helpers\promiseOrCallback.js:24:16
    at D:\Bigg Boss\Backend\Its-My-Choize-Backend\node_modules\mongoose\lib\model.js:4886:21
    at D:\Bigg Boss\Backend\Its-My-Choize-Backend\node_modules\mongoose\lib\query.js:4397:11
    at D:\Bigg Boss\Backend\Its-My-Choize-Backend\node_modules\kareem\index.js:136:16
    at processTicksAndRejections (internal/process/task_queues.js:75:11)
2021-02-02T12:15:06.125Z [logs] error: uncaughtException: Cannot read property 'translation' of null
TypeError: Cannot read property 'translation' of null
    at D:\Bigg Boss\Backend\Its-My-Choize-Backend\controllers\contestants.js:264:35
    at D:\Bigg Boss\Backend\Its-My-Choize-Backend\node_modules\mongoose\lib\model.js:4863:16
    at D:\Bigg Boss\Backend\Its-My-Choize-Backend\node_modules\mongoose\lib\model.js:4863:16
    at D:\Bigg Boss\Backend\Its-My-Choize-Backend\node_modules\mongoose\lib\helpers\promiseOrCallback.js:24:16
    at D:\Bigg Boss\Backend\Its-My-Choize-Backend\node_modules\mongoose\lib\model.js:4886:21
    at D:\Bigg Boss\Backend\Its-My-Choize-Backend\node_modules\mongoose\lib\query.js:4397:11
    at D:\Bigg Boss\Backend\Its-My-Choize-Backend\node_modules\kareem\index.js:136:16
    at processTicksAndRejections (internal/process/task_queues.js:75:11)
2021-02-02T12:15:23.212Z [logs] error: uncaughtException: Unexpected token .
D:\Bigg Boss\Backend\Its-My-Choize-Backend\controllers\contestants.js:265
                ...contestantData?.translation,
                                  ^

SyntaxError: Unexpected token .
    at Module._compile (internal/modules/cjs/loader.js:872:18)
    at Object.Module._extensions..js (internal/modules/cjs/loader.js:947:10)
    at Module.load (internal/modules/cjs/loader.js:790:32)
    at Function.Module._load (internal/modules/cjs/loader.js:703:12)
    at Module.require (internal/modules/cjs/loader.js:830:19)
    at require (internal/modules/cjs/helpers.js:68:18)
    at Object.<anonymous> (D:\Bigg Boss\Backend\Its-My-Choize-Backend\routes\route.js:2:31)
    at Module._compile (internal/modules/cjs/loader.js:936:30)
    at Object.Module._extensions..js (internal/modules/cjs/loader.js:947:10)
    at Module.load (internal/modules/cjs/loader.js:790:32)
    at Function.Module._load (internal/modules/cjs/loader.js:703:12)
    at Module.require (internal/modules/cjs/loader.js:830:19)
    at require (internal/modules/cjs/helpers.js:68:18)
    at Object.<anonymous> (D:\Bigg Boss\Backend\Its-My-Choize-Backend\server.js:26:1)
    at Module._compile (internal/modules/cjs/loader.js:936:30)
    at Object.Module._extensions..js (internal/modules/cjs/loader.js:947:10)
2021-02-02T12:15:33.166Z [logs] error: uncaughtException: Cannot read property 'translation' of null
TypeError: Cannot read property 'translation' of null
    at D:\Bigg Boss\Backend\Its-My-Choize-Backend\controllers\contestants.js:265:35
    at D:\Bigg Boss\Backend\Its-My-Choize-Backend\node_modules\mongoose\lib\model.js:4863:16
    at D:\Bigg Boss\Backend\Its-My-Choize-Backend\node_modules\mongoose\lib\model.js:4863:16
    at D:\Bigg Boss\Backend\Its-My-Choize-Backend\node_modules\mongoose\lib\helpers\promiseOrCallback.js:24:16
    at D:\Bigg Boss\Backend\Its-My-Choize-Backend\node_modules\mongoose\lib\model.js:4886:21
    at D:\Bigg Boss\Backend\Its-My-Choize-Backend\node_modules\mongoose\lib\query.js:4397:11
    at D:\Bigg Boss\Backend\Its-My-Choize-Backend\node_modules\kareem\index.js:136:16
    at processTicksAndRejections (internal/process/task_queues.js:75:11)
